INFO     [2017-10-15 23:30:00,963] [139877753112320 : info] readConfig {'telegram_token': '416385445:AAEZI0_oRTg7FC5d4M0fWQqdYBEBvs6UBoI'}
INFO     [2017-10-15 23:30:00,964] [139877753112320 : info] read config config.ini
INFO     [2017-10-15 23:30:00,964] [139877753112320 : info] startTelegram
INFO     [2017-10-16 00:03:03,327] [139722965952256 : info] startTelegram
INFO     [2017-10-16 00:04:27,206] [140062373488384 : info] startTelegram
INFO     [2017-10-16 00:04:55,211] [140452579133184 : info] startTelegram
INFO     [2017-10-16 00:05:28,672] [140356752619264 : info] startTelegram
INFO     [2017-10-16 00:05:31,791] [140316877891328 : info] startTelegram
INFO     [2017-10-16 00:05:33,670] [140705702704896 : info] startTelegram
INFO     [2017-10-16 00:06:01,544] [140099660605184 : info] startTelegram
INFO     [2017-10-16 00:06:11,887] [140493922744064 : info] startTelegram
INFO     [2017-10-16 00:08:20,495] [140458457851648 : info] startTelegram
INFO     [2017-10-16 00:09:10,024] [140110232450816 : info] startTelegram
INFO     [2017-10-16 00:09:24,211] [139811487971072 : info] startTelegram
INFO     [2017-10-16 00:11:16,403] [140147056224000 : info] startTelegram
INFO     [2017-10-16 00:12:06,911] [139844146915072 : info] startTelegram
INFO     [2017-10-16 00:12:45,021] [139811546167040 : info] startTelegram
INFO     [2017-10-16 00:18:11,126] [140070627092224 : info] startTelegram
INFO     [2017-10-16 00:57:35,108] [140126996227840 : info] readConfig {'telegram_token': '416385445:AAEZI0_oRTg7FC5d4M0fWQqdYBEBvs6UBoI'}
INFO     [2017-10-16 00:57:35,108] [140126996227840 : info] read config config.ini
INFO     [2017-10-16 00:58:59,137] [140232885126912 : info] readConfig {'telegram_token': '416385445:AAEZI0_oRTg7FC5d4M0fWQqdYBEBvs6UBoI'}
INFO     [2017-10-16 00:58:59,137] [140232885126912 : info] read config config.ini
INFO     [2017-10-16 00:59:13,800] [139758048036608 : info] readConfig {'telegram_token': '416385445:AAEZI0_oRTg7FC5d4M0fWQqdYBEBvs6UBoI'}
INFO     [2017-10-16 00:59:13,800] [139758048036608 : info] read config config.ini
INFO     [2017-10-16 01:00:44,932] [140265028679424 : info] readConfig {'telegram_token': '416385445:AAEZI0_oRTg7FC5d4M0fWQqdYBEBvs6UBoI'}
INFO     [2017-10-16 01:00:44,933] [140265028679424 : info] read config config.ini
INFO     [2017-10-16 01:00:44,933] [140265028679424 : info] CREATE instanse Bot: token = 416385445:AAEZI0_oRTg7FC5d4M0fWQqdYBEBvs6UBoI
INFO     [2017-10-16 01:02:12,500] [140577001715456 : info] readConfig {'telegram_token': '416385445:AAEZI0_oRTg7FC5d4M0fWQqdYBEBvs6UBoI'}
INFO     [2017-10-16 01:02:12,500] [140577001715456 : info] read config config.ini
INFO     [2017-10-16 01:02:12,501] [140577001715456 : info] CREATE instanse Bot: token = 416385445:AAEZI0_oRTg7FC5d4M0fWQqdYBEBvs6UBoI
ERROR    [2017-10-16 01:02:12,501] [140577001715456 : error] doRequest: method = getMe data = 
INFO     [2017-10-16 01:03:55,291] [140351411246848 : info] readConfig {'telegram_token': '416385445:AAEZI0_oRTg7FC5d4M0fWQqdYBEBvs6UBoI'}
INFO     [2017-10-16 01:03:55,291] [140351411246848 : info] read config config.ini
INFO     [2017-10-16 01:03:55,291] [140351411246848 : info] CREATE instanse Bot: token = 416385445:AAEZI0_oRTg7FC5d4M0fWQqdYBEBvs6UBoI
ERROR    [2017-10-16 01:03:55,292] [140351411246848 : error] doRequest: method = getMe data = 
INFO     [2017-10-16 01:04:25,173] [140469377455872 : info] readConfig {'telegram_token': '416385445:AAEZI0_oRTg7FC5d4M0fWQqdYBEBvs6UBoI'}
INFO     [2017-10-16 01:04:25,173] [140469377455872 : info] read config config.ini
INFO     [2017-10-16 01:04:25,173] [140469377455872 : info] CREATE instanse Bot: token = 416385445:AAEZI0_oRTg7FC5d4M0fWQqdYBEBvs6UBoI
ERROR    [2017-10-16 01:04:25,173] [140469377455872 : error] doRequest: method = getMe data = 
INFO     [2017-10-16 01:04:31,102] [140334198945536 : info] readConfig {'telegram_token': '416385445:AAEZI0_oRTg7FC5d4M0fWQqdYBEBvs6UBoI'}
INFO     [2017-10-16 01:04:31,102] [140334198945536 : info] read config config.ini
INFO     [2017-10-16 01:04:31,102] [140334198945536 : info] CREATE instanse Bot: token = 416385445:AAEZI0_oRTg7FC5d4M0fWQqdYBEBvs6UBoI
ERROR    [2017-10-16 01:04:31,102] [140334198945536 : error] doRequest: method = getMe data = 
INFO     [2017-10-16 01:05:16,116] [139872951723776 : info] readConfig {'telegram_token': '416385445:AAEZI0_oRTg7FC5d4M0fWQqdYBEBvs6UBoI'}
INFO     [2017-10-16 01:05:16,116] [139872951723776 : info] read config config.ini
INFO     [2017-10-16 01:05:16,116] [139872951723776 : info] CREATE instanse Bot: token = 416385445:AAEZI0_oRTg7FC5d4M0fWQqdYBEBvs6UBoI
ERROR    [2017-10-16 01:05:16,116] [139872951723776 : error] doRequest: method = getMe data = 
INFO     [2017-10-16 01:06:03,959] [140083593172736 : info] readConfig {'telegram_token': '416385445:AAEZI0_oRTg7FC5d4M0fWQqdYBEBvs6UBoI'}
INFO     [2017-10-16 01:06:03,959] [140083593172736 : info] read config config.ini
INFO     [2017-10-16 01:06:03,960] [140083593172736 : info] CREATE instanse Bot: token = 416385445:AAEZI0_oRTg7FC5d4M0fWQqdYBEBvs6UBoI
ERROR    [2017-10-16 01:06:03,960] [140083593172736 : error] doRequest: method = getMe data = 
INFO     [2017-10-16 01:07:18,281] [139758163576576 : info] readConfig {'telegram_token': '416385445:AAEZI0_oRTg7FC5d4M0fWQqdYBEBvs6UBoI'}
INFO     [2017-10-16 01:07:18,282] [139758163576576 : info] read config config.ini
INFO     [2017-10-16 01:07:18,282] [139758163576576 : info] CREATE instanse Bot: token = 416385445:AAEZI0_oRTg7FC5d4M0fWQqdYBEBvs6UBoI
ERROR    [2017-10-16 01:07:18,282] [139758163576576 : error] doRequest: url = https://api.telegram.org/bot416385445:AAEZI0_oRTg7FC5d4M0fWQqdYBEBvs6UBoIgetMe data = 
INFO     [2017-10-16 01:07:55,278] [140629738174208 : info] readConfig {'telegram_token': '416385445:AAEZI0_oRTg7FC5d4M0fWQqdYBEBvs6UBoI'}
INFO     [2017-10-16 01:07:55,278] [140629738174208 : info] read config config.ini
INFO     [2017-10-16 01:07:55,278] [140629738174208 : info] CREATE instanse Bot: token = 416385445:AAEZI0_oRTg7FC5d4M0fWQqdYBEBvs6UBoI
ERROR    [2017-10-16 01:07:55,278] [140629738174208 : error] doRequest: url = https://api.telegram.org/bot/416385445:AAEZI0_oRTg7FC5d4M0fWQqdYBEBvs6UBoIgetMe data = 
INFO     [2017-10-16 01:09:56,063] [139918713988864 : info] readConfig {'telegram_token': '416385445:AAEZI0_oRTg7FC5d4M0fWQqdYBEBvs6UBoI'}
INFO     [2017-10-16 01:09:56,063] [139918713988864 : info] read config config.ini
INFO     [2017-10-16 01:09:56,063] [139918713988864 : info] CREATE instanse Bot: token = 416385445:AAEZI0_oRTg7FC5d4M0fWQqdYBEBvs6UBoI
ERROR    [2017-10-16 01:09:56,063] [139918713988864 : error] doRequest: url = https://api.telegram.org/bot/416385445:AAEZI0_oRTg7FC5d4M0fWQqdYBEBvs6UBoI/getMe data = 
INFO     [2017-10-16 01:10:35,556] [139710720067328 : info] readConfig {'telegram_token': '416385445:AAEZI0_oRTg7FC5d4M0fWQqdYBEBvs6UBoI'}
INFO     [2017-10-16 01:10:35,556] [139710720067328 : info] read config config.ini
INFO     [2017-10-16 01:10:35,556] [139710720067328 : info] CREATE instanse Bot: token = 416385445:AAEZI0_oRTg7FC5d4M0fWQqdYBEBvs6UBoI
ERROR    [2017-10-16 01:10:35,556] [139710720067328 : error] doRequest: url = https://api.telegram.org/bot416385445:AAEZI0_oRTg7FC5d4M0fWQqdYBEBvs6UBoI/getMe data = 
INFO     [2017-10-16 01:11:03,347] [140596280616704 : info] readConfig {'telegram_token': '416385445:AAEZI0_oRTg7FC5d4M0fWQqdYBEBvs6UBoI'}
INFO     [2017-10-16 01:11:03,347] [140596280616704 : info] read config config.ini
INFO     [2017-10-16 01:11:03,347] [140596280616704 : info] CREATE instanse Bot: token = 416385445:AAEZI0_oRTg7FC5d4M0fWQqdYBEBvs6UBoI
ERROR    [2017-10-16 01:11:03,348] [140596280616704 : error] doRequest: url = https://api.telegram.org/bot416385445:AAEZI0_oRTg7FC5d4M0fWQqdYBEBvs6UBoI/getMe data = 
INFO     [2017-10-16 01:15:07,047] [139663568721664 : info] readConfig {'telegram_token': '416385445:AAEZI0_oRTg7FC5d4M0fWQqdYBEBvs6UBoI'}
INFO     [2017-10-16 01:15:07,047] [139663568721664 : info] read config config.ini
INFO     [2017-10-16 01:15:07,047] [139663568721664 : info] CREATE instanse Bot: token = 416385445:AAEZI0_oRTg7FC5d4M0fWQqdYBEBvs6UBoI
ERROR    [2017-10-16 01:15:07,047] [139663568721664 : error] doRequest: url = https://api.telegram.org/bot416385445:AAEZI0_oRTg7FC5d4M0fWQqdYBEBvs6UBoI/getMe data = 
INFO     [2017-10-16 01:15:14,269] [139690652854016 : info] readConfig {'telegram_token': '416385445:AAEZI0_oRTg7FC5d4M0fWQqdYBEBvs6UBoI'}
INFO     [2017-10-16 01:15:14,269] [139690652854016 : info] read config config.ini
INFO     [2017-10-16 01:15:14,270] [139690652854016 : info] CREATE instanse Bot: token = 416385445:AAEZI0_oRTg7FC5d4M0fWQqdYBEBvs6UBoI
ERROR    [2017-10-16 01:15:14,270] [139690652854016 : error] doRequest: url = https://api.telegram.org/bot416385445:AAEZI0_oRTg7FC5d4M0fWQqdYBEBvs6UBoI/getMe data = 
INFO     [2017-10-16 01:20:38,183] [140145704007424 : info] readConfig {'telegram_token': '416385445:AAEZI0_oRTg7FC5d4M0fWQqdYBEBvs6UBoI'}
INFO     [2017-10-16 01:20:38,183] [140145704007424 : info] read config config.ini
INFO     [2017-10-16 01:20:38,183] [140145704007424 : info] CREATE instanse Bot: token = 416385445:AAEZI0_oRTg7FC5d4M0fWQqdYBEBvs6UBoI
ERROR    [2017-10-16 01:20:38,183] [140145704007424 : error] doRequest: url = https://api.telegram.org/bot416385445:AAEZI0_oRTg7FC5d4M0fWQqdYBEBvs6UBoI/getUpdates data = 
INFO     [2017-10-16 01:21:01,427] [140196907611904 : info] readConfig {'telegram_token': '416385445:AAEZI0_oRTg7FC5d4M0fWQqdYBEBvs6UBoI'}
INFO     [2017-10-16 01:21:01,427] [140196907611904 : info] read config config.ini
INFO     [2017-10-16 01:21:01,427] [140196907611904 : info] CREATE instanse Bot: token = 416385445:AAEZI0_oRTg7FC5d4M0fWQqdYBEBvs6UBoI
ERROR    [2017-10-16 01:21:01,427] [140196907611904 : error] doRequest: url = https://api.telegram.org/bot416385445:AAEZI0_oRTg7FC5d4M0fWQqdYBEBvs6UBoI/getUpdates data = 
INFO     [2017-10-16 01:27:42,445] [139847949563648 : info] readConfig {'telegram_token': '416385445:AAEZI0_oRTg7FC5d4M0fWQqdYBEBvs6UBoI'}
INFO     [2017-10-16 01:27:42,445] [139847949563648 : info] read config config.ini
INFO     [2017-10-16 01:27:42,445] [139847949563648 : info] CREATE instanse Bot: token = 416385445:AAEZI0_oRTg7FC5d4M0fWQqdYBEBvs6UBoI
ERROR    [2017-10-16 01:27:42,445] [139847949563648 : error] doRequest: url = https://api.telegram.org/bot416385445:AAEZI0_oRTg7FC5d4M0fWQqdYBEBvs6UBoI/getUpdates data = 
INFO     [2017-10-16 01:51:13,636] [140498971842304 : info] readConfig {'telegram_token': '416385445:AAEZI0_oRTg7FC5d4M0fWQqdYBEBvs6UBoI'}
INFO     [2017-10-16 01:51:13,637] [140498971842304 : info] read config config.ini
INFO     [2017-10-16 01:51:13,637] [140498971842304 : info] CREATE instanse Bot: token = 416385445:AAEZI0_oRTg7FC5d4M0fWQqdYBEBvs6UBoI
ERROR    [2017-10-16 01:51:13,637] [140498971842304 : error] doRequest: url = https://api.telegram.org/bot416385445:AAEZI0_oRTg7FC5d4M0fWQqdYBEBvs6UBoI/getUpdates data = 
